# JRE version: Java(TM) SE Runtime Environment (17.0+35) (build 17+35-LTS-2724)
# Java VM: Java HotSpot(TM) 64-Bit Server VM (17+35-LTS-2724, mixed mode, sharing, tiered, compressed oops, compressed class ptrs, g1 gc, windows-amd64)
GC Precious Log:
 CPUs: 12 total, 12 available
 Memory: 7930M
 Large Page Support: Disabled
 NUMA Support: Disabled
 Compressed Oops: Enabled (32-bit)
 Heap Region Size: 1M
 Heap Min Capacity: 8M
 Heap Initial Capacity: 124M
 Heap Max Capacity: 2G
 Pre-touch: Disabled
 Parallel Workers: 10
 Concurrent Workers: 3
 Concurrent Refinement Workers: 10
 Periodic GC: Disabled
Heap:
 garbage-first heap   total 103424K, used 74226K [0x0000000080000000, 0x0000000100000000)
  region size 1024K, 44 young (45056K), 4 survivors (4096K)
 Metaspace       used 39773K, committed 40320K, reserved 462848K
  class space    used 5522K, committed 5824K, reserved 421888K
GC Heap History (18 events):
Event: 0.255 GC heap before
{Heap before GC invocations=0 (full 0):
 garbage-first heap   total 126976K, used 22528K [0x0000000080000000, 0x0000000100000000)
  region size 1024K, 23 young (23552K), 0 survivors (0K)
 Metaspace       used 1018K, committed 1152K, reserved 430080K
  class space    used 73K, committed 128K, reserved 421888K
}
Event: 0.258 GC heap after
{Heap after GC invocations=1 (full 0):
 garbage-first heap   total 126976K, used 1984K [0x0000000080000000, 0x0000000100000000)
  region size 1024K, 2 young (2048K), 2 survivors (2048K)
 Metaspace       used 1018K, committed 1152K, reserved 430080K
  class space    used 73K, committed 128K, reserved 421888K
}
Event: 0.594 GC heap before
{Heap before GC invocations=1 (full 0):
 garbage-first heap   total 126976K, used 39872K [0x0000000080000000, 0x0000000100000000)
  region size 1024K, 37 young (37888K), 2 survivors (2048K)
 Metaspace       used 4335K, committed 4544K, reserved 430080K
  class space    used 548K, committed 640K, reserved 421888K
}
Event: 0.600 GC heap after
{Heap after GC invocations=2 (full 0):
 garbage-first heap   total 126976K, used 10951K [0x0000000080000000, 0x0000000100000000)
  region size 1024K, 5 young (5120K), 5 survivors (5120K)
 Metaspace       used 4335K, committed 4544K, reserved 430080K
  class space    used 548K, committed 640K, reserved 421888K
}
Event: 0.909 GC heap before
{Heap before GC invocations=2 (full 0):
 garbage-first heap   total 126976K, used 69319K [0x0000000080000000, 0x0000000100000000)
  region size 1024K, 61 young (62464K), 5 survivors (5120K)
 Metaspace       used 4592K, committed 4800K, reserved 430080K
  class space    used 573K, committed 704K, reserved 421888K
}
Event: 0.917 GC heap after
{Heap after GC invocations=3 (full 0):
 garbage-first heap   total 126976K, used 15790K [0x0000000080000000, 0x0000000100000000)
  region size 1024K, 8 young (8192K), 8 survivors (8192K)
 Metaspace       used 4592K, committed 4800K, reserved 430080K
  class space    used 573K, committed 704K, reserved 421888K
}
Event: 2.443 GC heap before
{Heap before GC invocations=3 (full 0):
 garbage-first heap   total 126976K, used 83374K [0x0000000080000000, 0x0000000100000000)
  region size 1024K, 74 young (75776K), 8 survivors (8192K)
 Metaspace       used 16566K, committed 16896K, reserved 438272K
  class space    used 2332K, committed 2496K, reserved 421888K
}
Event: 2.450 GC heap after
{Heap after GC invocations=4 (full 0):
 garbage-first heap   total 126976K, used 21525K [0x0000000080000000, 0x0000000100000000)
  region size 1024K, 10 young (10240K), 10 survivors (10240K)
 Metaspace       used 16566K, committed 16896K, reserved 438272K
  class space    used 2332K, committed 2496K, reserved 421888K
}
Event: 2.949 GC heap before
{Heap before GC invocations=4 (full 0):
 garbage-first heap   total 126976K, used 63509K [0x0000000080000000, 0x0000000100000000)
  region size 1024K, 52 young (53248K), 10 survivors (10240K)
 Metaspace       used 21189K, committed 21504K, reserved 446464K
  class space    used 3097K, committed 3264K, reserved 421888K
}
Event: 2.955 GC heap after
{Heap after GC invocations=5 (full 0):
 garbage-first heap   total 126976K, used 23986K [0x0000000080000000, 0x0000000100000000)
  region size 1024K, 8 young (8192K), 8 survivors (8192K)
 Metaspace       used 21189K, committed 21504K, reserved 446464K
  class space    used 3097K, committed 3264K, reserved 421888K
}
Event: 3.512 GC heap before
{Heap before GC invocations=6 (full 0):
 garbage-first heap   total 86016K, used 65970K [0x0000000080000000, 0x0000000100000000)
  region size 1024K, 50 young (51200K), 8 survivors (8192K)
 Metaspace       used 26453K, committed 26880K, reserved 446464K
  class space    used 3867K, committed 4096K, reserved 421888K
}
Event: 3.520 GC heap after
{Heap after GC invocations=7 (full 0):
 garbage-first heap   total 103424K, used 27310K [0x0000000080000000, 0x0000000100000000)
  region size 1024K, 7 young (7168K), 7 survivors (7168K)
 Metaspace       used 26453K, committed 26880K, reserved 446464K
  class space    used 3867K, committed 4096K, reserved 421888K
}
Event: 3.531 GC heap before
{Heap before GC invocations=7 (full 0):
 garbage-first heap   total 103424K, used 28334K [0x0000000080000000, 0x0000000100000000)
  region size 1024K, 8 young (8192K), 7 survivors (7168K)
 Metaspace       used 26554K, committed 27008K, reserved 446464K
  class space    used 3888K, committed 4096K, reserved 421888K
}
Event: 3.535 GC heap after
{Heap after GC invocations=8 (full 0):
 garbage-first heap   total 103424K, used 27884K [0x0000000080000000, 0x0000000100000000)
  region size 1024K, 1 young (1024K), 1 survivors (1024K)
 Metaspace       used 26554K, committed 27008K, reserved 446464K
  class space    used 3888K, committed 4096K, reserved 421888K
}
Event: 4.188 GC heap before
{Heap before GC invocations=8 (full 0):
 garbage-first heap   total 103424K, used 76012K [0x0000000080000000, 0x0000000100000000)
  region size 1024K, 49 young (50176K), 1 survivors (1024K)
 Metaspace       used 33502K, committed 33984K, reserved 454656K
  class space    used 4714K, committed 4928K, reserved 421888K
}
Event: 4.193 GC heap after
{Heap after GC invocations=9 (full 0):
 garbage-first heap   total 103424K, used 32452K [0x0000000080000000, 0x0000000100000000)
  region size 1024K, 6 young (6144K), 6 survivors (6144K)
 Metaspace       used 33502K, committed 33984K, reserved 454656K
  class space    used 4714K, committed 4928K, reserved 421888K
}
Event: 4.605 GC heap before
{Heap before GC invocations=9 (full 0):
 garbage-first heap   total 103424K, used 60100K [0x0000000080000000, 0x0000000100000000)
  region size 1024K, 30 young (30720K), 6 survivors (6144K)
 Metaspace       used 35543K, committed 35968K, reserved 454656K
  class space    used 4896K, committed 5120K, reserved 421888K
}
Event: 4.609 GC heap after
{Heap after GC invocations=10 (full 0):
 garbage-first heap   total 103424K, used 34290K [0x0000000080000000, 0x0000000100000000)
  region size 1024K, 4 young (4096K), 4 survivors (4096K)
 Metaspace       used 35543K, committed 35968K, reserved 454656K
  class space    used 4896K, committed 5120K, reserved 421888K
}

